[2025-07-04 19:14:03] This is codeql execute queries -J-Xmx3843M --off-heap-ram=4499 --verbosity=progress --logdir=/Users/xujiancheng/Documents/hardcode_app/app/release/release/loopkey-hardcode-db/log --evaluator-log-level=5 --warnings=show --qlconfig-file=/Users/xujiancheng/Documents/hardcode_app/app/release/release/qlconfig.yml --dynamic-join-order-mode=none --output=/Users/xujiancheng/Documents/hardcode_app/app/release/release/pref_to_log.bqrs -- /Users/xujiancheng/Documents/hardcode_app/app/release/release/loopkey-hardcode-db/db-java path:/Users/xujiancheng/Documents/hardcode_app/app/release/release/pref_to_log.ql
[2025-07-04 19:14:03] Calling plumbing command: codeql resolve queries --qlconfig-file=/Users/xujiancheng/Documents/hardcode_app/app/release/release/qlconfig.yml --format=json -- path:/Users/xujiancheng/Documents/hardcode_app/app/release/release/pref_to_log.ql
[2025-07-04 19:14:03] [PROGRESS] resolve queries> Recording pack reference (anonymous QL pack at /Users/xujiancheng/Documents/hardcode_app/app/release/release/pref_to_log.ql) at /Users/xujiancheng/Documents/hardcode_app/app/release/release.
[2025-07-04 19:14:03] Plumbing command codeql resolve queries completed:
                      [
                        "/Users/xujiancheng/Documents/hardcode_app/app/release/release/pref_to_log.ql"
                      ]
[2025-07-04 19:14:03] Creating executor with 1 threads.
[2025-07-04 19:14:03] Calling plumbing command: codeql resolve extensions --qlconfig-file=/Users/xujiancheng/Documents/hardcode_app/app/release/release/qlconfig.yml --include-extension-row-locations path:/Users/xujiancheng/Documents/hardcode_app/app/release/release/pref_to_log.ql
[2025-07-04 19:14:03] Calling plumbing command: codeql resolve queries --qlconfig-file=/Users/xujiancheng/Documents/hardcode_app/app/release/release/qlconfig.yml --allow-library-packs --format startingpacks -- path:/Users/xujiancheng/Documents/hardcode_app/app/release/release/pref_to_log.ql
[2025-07-04 19:14:03] [PROGRESS] resolve queries> Recording pack reference (anonymous QL pack at /Users/xujiancheng/Documents/hardcode_app/app/release/release/pref_to_log.ql) at /Users/xujiancheng/Documents/hardcode_app/app/release/release.
[2025-07-04 19:14:03] Plumbing command codeql resolve queries completed:
                      [
                        "/Users/xujiancheng/Documents/hardcode_app/app/release/release"
                      ]
[2025-07-04 19:14:03] Calling plumbing command: codeql resolve extensions-by-pack --qlconfig-file=/Users/xujiancheng/Documents/hardcode_app/app/release/release/qlconfig.yml --include-extension-row-locations -- /Users/xujiancheng/Documents/hardcode_app/app/release/release
[2025-07-04 19:14:03] [SPAMMY] resolve extensions-by-pack> [INCOMPATIBILITY] <anonymous pack>: not 0.0.0 {root: <anonymous pack>@0.0.0}
[2025-07-04 19:14:03] [SPAMMY] resolve extensions-by-pack> [DERIVATION] <anonymous pack>: 0.0.0 {<anonymous pack>: not 0.0.0 {root: <anonymous pack>@0.0.0}}
[2025-07-04 19:14:03] [SPAMMY] resolve extensions-by-pack> [DECISION 1] <anonymous pack>: 0.0.0
[2025-07-04 19:14:03] Plumbing command codeql resolve extensions-by-pack completed:
                      {
                        "models" : [ ],
                        "data" : { },
                        "threatModels" : { },
                        "extensionPacks" : [ ]
                      }
[2025-07-04 19:14:03] Plumbing command codeql resolve extensions completed:
                      {
                        "models" : [ ],
                        "data" : { },
                        "threatModels" : { },
                        "extensionPacks" : [ ]
                      }
[2025-07-04 19:14:03] Calling plumbing command: codeql resolve library-path --qlconfig-file=/Users/xujiancheng/Documents/hardcode_app/app/release/release/qlconfig.yml --query=/Users/xujiancheng/Documents/hardcode_app/app/release/release/pref_to_log.ql --format=json
[2025-07-04 19:14:03] [DETAILS] resolve library-path> Resolving query at normalized path /Users/xujiancheng/Documents/hardcode_app/app/release/release/pref_to_log.ql.
[2025-07-04 19:14:03] [DETAILS] resolve library-path> Found no pack; trying after symlink resolution with /Users/xujiancheng/Documents/hardcode_app/app/release/release/pref_to_log.ql.
[2025-07-04 19:14:03] [DETAILS] resolve library-path> Found enclosing pack 'release' at /Users/xujiancheng/Documents/hardcode_app/app/release/release.
[2025-07-04 19:14:03] [DETAILS] resolve library-path> Adding compilation cache at /Users/xujiancheng/.codeql/compile-cache.
[2025-07-04 19:14:03] [DETAILS] resolve library-path> Resolving library dependencies from /Users/xujiancheng/Documents/hardcode_app/app/release/release/pref_to_log.ql.
[2025-07-04 19:14:03] [SPAMMY] resolve library-path> [INCOMPATIBILITY] <anonymous pack>: not 0.0.0 {root: <anonymous pack>@0.0.0}
[2025-07-04 19:14:03] [SPAMMY] resolve library-path> [DERIVATION] <anonymous pack>: 0.0.0 {<anonymous pack>: not 0.0.0 {root: <anonymous pack>@0.0.0}}
[2025-07-04 19:14:03] [SPAMMY] resolve library-path> [DECISION 1] <anonymous pack>: 0.0.0
[2025-07-04 19:14:03] [DETAILS] resolve library-path> QL pack dependencies for /Users/xujiancheng/Documents/hardcode_app/app/release/release resolved OK.
[2025-07-04 19:14:03] [DETAILS] resolve library-path> Found no dbscheme through dependencies.
[2025-07-04 19:14:03] Plumbing command codeql resolve library-path completed:
                      {
                        "libraryPath" : [
                          "/Users/xujiancheng/Documents/hardcode_app/app/release/release"
                        ],
                        "compilationCache" : [
                          "/Users/xujiancheng/.codeql/compile-cache"
                        ],
                        "relativeName" : "release/pref_to_log.ql",
                        "possibleAdvice" : "There should probably be a qlpack.yml file declaring dependencies in /Users/xujiancheng/Documents/hardcode_app/app/release/release or an enclosing directory.",
                        "qlPackName" : "release"
                      }
[2025-07-04 19:14:03] [PROGRESS] execute queries> Compiling query plan for /Users/xujiancheng/Documents/hardcode_app/app/release/release/pref_to_log.ql.
[2025-07-04 19:14:03] [DETAILS] execute queries> Resolving imports for /Users/xujiancheng/Documents/hardcode_app/app/release/release/pref_to_log.ql.
[2025-07-04 19:14:03] Resolved file set for /Users/xujiancheng/Documents/hardcode_app/app/release/release/pref_to_log.ql hashes to cb257b423237632a5c17c96a08901e7e.
[2025-07-04 19:14:03] [DETAILS] execute queries> Checking QL for /Users/xujiancheng/Documents/hardcode_app/app/release/release/pref_to_log.ql.
[2025-07-04 19:14:03] Stale frontend caches are invalidated based on import graph reachability.
[2025-07-04 19:14:03] ExternalModuleBindingPass ...
[2025-07-04 19:14:03] ExternalModuleBindingPass time: 00:00.000
[2025-07-04 19:14:03] CollectInstantiationsPass ...
[2025-07-04 19:14:03] CollectInstantiationsPass time: 00:00.001
[2025-07-04 19:14:03] Ql checks ...
[2025-07-04 19:14:04] Ql checks time: 00:00.022
[2025-07-04 19:14:04] [ERROR] execute queries> ERROR: could not resolve module java (/Users/xujiancheng/Documents/hardcode_app/app/release/release/pref_to_log.ql:1,8-12)
[2025-07-04 19:14:04] [ERROR] execute queries> ERROR: could not resolve module semmle.code.java.dataflow.DataFlow (/Users/xujiancheng/Documents/hardcode_app/app/release/release/pref_to_log.ql:2,8-42)
[2025-07-04 19:14:04] [ERROR] execute queries> ERROR: could not resolve module TaintTracking (/Users/xujiancheng/Documents/hardcode_app/app/release/release/pref_to_log.ql:4,32-45)
[2025-07-04 19:14:04] [ERROR] execute queries> ERROR: could not resolve type MethodAccess (/Users/xujiancheng/Documents/hardcode_app/app/release/release/pref_to_log.ql:6,12-24)
[2025-07-04 19:14:04] [ERROR] execute queries> ERROR: asExpr() cannot be resolved for type SharedPrefSource.extends (/Users/xujiancheng/Documents/hardcode_app/app/release/release/pref_to_log.ql:9,12-18)
[2025-07-04 19:14:04] [ERROR] execute queries> ERROR: could not resolve module TaintTracking (/Users/xujiancheng/Documents/hardcode_app/app/release/release/pref_to_log.ql:14,23-36)
[2025-07-04 19:14:04] [ERROR] execute queries> ERROR: could not resolve type MethodAccess (/Users/xujiancheng/Documents/hardcode_app/app/release/release/pref_to_log.ql:16,12-24)
[2025-07-04 19:14:04] [ERROR] execute queries> ERROR: asExpr() cannot be resolved for type LogSink.extends (/Users/xujiancheng/Documents/hardcode_app/app/release/release/pref_to_log.ql:18,12-18)
[2025-07-04 19:14:04] [ERROR] execute queries> ERROR: could not resolve module TaintTracking (/Users/xujiancheng/Documents/hardcode_app/app/release/release/pref_to_log.ql:24,7-20)
[2025-07-04 19:14:04] Sequence stamp origin is -6030702549627455016
[2025-07-04 19:14:04] Pausing evaluation to close the cache at sequence stamp o+0
[2025-07-04 19:14:04] The disk cache is freshly trimmed; leave it be.
[2025-07-04 19:14:04] Unpausing evaluation
[2025-07-04 19:14:04] This NaiveBuddyAllocator requested 0 eviction rounds.
[2025-07-04 19:14:04] Exiting with code 2
