[2025-07-04 19:56:53] This is codeql database create my-java-db --language=java --command=javac KeyActivity.java
[2025-07-04 19:56:53] Log file was started late.
[2025-07-04 19:56:53] [PROGRESS] database create> Initializing database at /Users/xujiancheng/Documents/hardcode_app/app/src/main/java/com/example/hardcode_app/ui/my-java-db.
[2025-07-04 19:56:53] Running plumbing command: codeql database init --language=java --extractor-options-verbosity=1 --qlconfig-file=/Users/xujiancheng/Documents/hardcode_app/app/src/main/java/com/example/hardcode_app/ui/qlconfig.yml --source-root=/Users/xujiancheng/Documents/hardcode_app/app/src/main/java/com/example/hardcode_app/ui --allow-missing-source-root=false --allow-already-existing -- /Users/xujiancheng/Documents/hardcode_app/app/src/main/java/com/example/hardcode_app/ui/my-java-db
[2025-07-04 19:56:53] Calling plumbing command: codeql resolve languages --extractor-options-verbosity=1 --format=betterjson
[2025-07-04 19:56:53] [DETAILS] resolve languages> Scanning for [codeql-extractor.yml] from /Users/xujiancheng/Documents/codeql/.codeqlmanifest.json
[2025-07-04 19:56:53] [DETAILS] resolve languages> Parsing /Users/xujiancheng/Documents/codeql/go/codeql-extractor.yml.
[2025-07-04 19:56:53] [DETAILS] resolve languages> Parsing /Users/xujiancheng/Documents/codeql/python/codeql-extractor.yml.
[2025-07-04 19:56:53] [DETAILS] resolve languages> Parsing /Users/xujiancheng/Documents/codeql/rust/codeql-extractor.yml.
[2025-07-04 19:56:53] [DETAILS] resolve languages> Parsing /Users/xujiancheng/Documents/codeql/java/codeql-extractor.yml.
[2025-07-04 19:56:53] [DETAILS] resolve languages> Parsing /Users/xujiancheng/Documents/codeql/html/codeql-extractor.yml.
[2025-07-04 19:56:53] [DETAILS] resolve languages> Parsing /Users/xujiancheng/Documents/codeql/xml/codeql-extractor.yml.
[2025-07-04 19:56:53] [DETAILS] resolve languages> Parsing /Users/xujiancheng/Documents/codeql/properties/codeql-extractor.yml.
[2025-07-04 19:56:53] [DETAILS] resolve languages> Parsing /Users/xujiancheng/Documents/codeql/cpp/codeql-extractor.yml.
[2025-07-04 19:56:53] [DETAILS] resolve languages> Parsing /Users/xujiancheng/Documents/codeql/swift/codeql-extractor.yml.
[2025-07-04 19:56:53] [DETAILS] resolve languages> Parsing /Users/xujiancheng/Documents/codeql/csv/codeql-extractor.yml.
[2025-07-04 19:56:53] [DETAILS] resolve languages> Parsing /Users/xujiancheng/Documents/codeql/actions/codeql-extractor.yml.
[2025-07-04 19:56:53] [DETAILS] resolve languages> Parsing /Users/xujiancheng/Documents/codeql/yaml/codeql-extractor.yml.
[2025-07-04 19:56:53] [DETAILS] resolve languages> Parsing /Users/xujiancheng/Documents/codeql/csharp/codeql-extractor.yml.
[2025-07-04 19:56:53] [DETAILS] resolve languages> Parsing /Users/xujiancheng/Documents/codeql/javascript/codeql-extractor.yml.
[2025-07-04 19:56:53] [DETAILS] resolve languages> Parsing /Users/xujiancheng/Documents/codeql/ruby/codeql-extractor.yml.
[2025-07-04 19:56:53] Plumbing command codeql resolve languages completed:
                      {
                        "aliases" : {
                          "c" : "cpp",
                          "c++" : "cpp",
                          "c-c++" : "cpp",
                          "c-cpp" : "cpp",
                          "c#" : "csharp",
                          "java-kotlin" : "java",
                          "kotlin" : "java",
                          "javascript-typescript" : "javascript",
                          "typescript" : "javascript"
                        },
                        "extractors" : {
                          "go" : [
                            {
                              "extractor_root" : "/Users/xujiancheng/Documents/codeql/go",
                              "extractor_options" : {
                                "extract_tests" : {
                                  "title" : "Whether to include Go test files in the CodeQL database.",
                                  "description" : "A value indicating whether Go test files should be included in the CodeQL database. The default is 'false'.\n",
                                  "type" : "string",
                                  "pattern" : "^(false|true)$"
                                },
                                "extract_vendor_dirs" : {
                                  "title" : "Whether to include Go vendor directories in the CodeQL database.",
                                  "description" : "A value indicating whether Go vendor directories should be included in the CodeQL database. The default is 'false'.\n",
                                  "type" : "string",
                                  "pattern" : "^(false|true)$"
                                }
                              }
                            }
                          ],
                          "python" : [
                            {
                              "extractor_root" : "/Users/xujiancheng/Documents/codeql/python",
                              "extractor_options" : {
                                "logging" : {
                                  "title" : "Options pertaining to logging.",
                                  "description" : "Options pertaining to logging.",
                                  "type" : "object",
                                  "properties" : {
                                    "verbosity" : {
                                      "title" : "Python extractor logging verbosity level.",
                                      "description" : "Controls the level of verbosity of the CodeQL Python extractor.\nThe supported levels are (in order of increasing verbosity):\n\n  - off\n  - errors\n  - warnings\n  - info or progress\n  - debug or progress+\n  - trace or progress++\n  - progress+++\n",
                                      "type" : "string",
                                      "pattern" : "^(off|errors|warnings|(info|progress)|(debug|progress\\+)|(trace|progress\\+\\+)|progress\\+\\+\\+)$"
                                    }
                                  }
                                },
                                "python_executable_name" : {
                                  "title" : "Controls the name of the Python executable used by the Python extractor.",
                                  "description" : "The Python extractor uses platform-dependent heuristics to determine the name of the Python executable to use. Specifying a value for this option overrides the name of the Python executable used by the extractor. Accepted values are py, python and python3. Use this setting with caution, the Python extractor requires Python 3 to run.\n",
                                  "type" : "string",
                                  "pattern" : "^(py|python|python3)$"
                                }
                              }
                            }
                          ],
                          "rust" : [
                            {
                              "extractor_root" : "/Users/xujiancheng/Documents/codeql/rust",
                              "extractor_options" : {
                                "trap" : {
                                  "title" : "Options pertaining to TRAP.",
                                  "description" : "Options pertaining to TRAP.",
                                  "type" : "object",
                                  "properties" : {
                                    "compression" : {
                                      "title" : "Controls compression for the TRAP files written by the extractor.",
                                      "description" : "This option is only intended for use in debugging the extractor. Accepted values are 'gzip' (to write gzip-compressed TRAP) 'zstd' (to write Zstandard-compressed TRAP) and 'none' (the default, to write uncompressed TRAP).\n",
                                      "type" : "string",
                                      "pattern" : "^(none|gzip|zstd)$"
                                    }
                                  }
                                },
                                "cargo_target_dir" : {
                                  "title" : "Directory to use for cargo output files.",
                                  "description" : "This value is an optional path to use as `CARGO_TARGET_DIR` for the internal cargo commands the extractor uses. Pointing it to a persistent directory may reduce execution time of consecutive extractor runs. By default, a new scratch directory is used for each run.\n",
                                  "type" : "string"
                                },
                                "cargo_target" : {
                                  "title" : "Target architecture",
                                  "description" : "Target architecture to use for analysis, analogous to `cargo --target`. By default the host architecture is used.\n",
                                  "type" : "string"
                                },
                                "cargo_features" : {
                                  "title" : "Cargo features to turn on",
                                  "description" : "Comma-separated list of features to turn on. By default all features are enabled. If any features are specified, then only those features are enabled. The `default` feature must be explicitly specified if only default features are desired. Can be repeated.\n",
                                  "type" : "array"
                                },
                                "cargo_cfg_overrides" : {
                                  "title" : "Cargo cfg overrides",
                                  "description" : "Comma-separated list of cfg settings to enable, or disable if prefixed with `-`. Can be repeated.\n",
                                  "type" : "array"
                                },
                                "logging" : {
                                  "title" : "Options pertaining to logging.",
                                  "description" : "Options pertaining to logging.",
                                  "type" : "object",
                                  "properties" : {
                                    "verbosity" : {
                                      "title" : "Extractor logging verbosity level.",
                                      "description" : "Controls the level of verbosity of the extractor. The supported levels are (in order of increasing verbosity):\n  - off\n  - errors\n  - warnings\n  - info or progress\n  - debug or progress+\n  - trace or progress++\n  - progress+++\n",
                                      "type" : "string",
                                      "pattern" : "^(off|errors|warnings|(info|progress)|(debug|progress\\+)|(trace|progress\\+\\+)|progress\\+\\+\\+)$"
                                    },
                                    "flamegraph" : {
                                      "title" : "[Experimental] File path for write flame graph log",
                                      "description" : "Collect flame graph data using the `tracing-flame` crate. To render a flame graph or chart, run the `inferno-flamegraph` command. See also: https://crates.io/crates/tracing-flame\n",
                                      "type" : "string"
                                    }
                                  }
                                },
                                "skip_path_resolution" : {
                                  "title" : "Skip path resolution",
                                  "description" : "Skip path resolution. This is experimental, while we move path resolution from the extractor to the QL library.\n",
                                  "type" : "string",
                                  "pattern" : "^(false|true)$"
                                },
                                "extract_dependencies_as_source" : {
                                  "title" : "Extract dependencies as source code",
                                  "description" : "Extract the full source code of dependencies instead of only extracting signatures.\n",
                                  "type" : "string",
                                  "pattern" : "^(false|true)$"
                                }
                              }
                            }
                          ],
                          "java" : [
                            {
                              "extractor_root" : "/Users/xujiancheng/Documents/codeql/java",
                              "extractor_options" : {
                                "exclude" : {
                                  "title" : "A glob excluding files from analysis.",
                                  "description" : "A glob indicating what files to exclude from the analysis. This accepts glob patterns that are supported by Java's 'getPathMatcher' implementation.\n",
                                  "type" : "string"
                                },
                                "add_prefer_source" : {
                                  "title" : "Whether to always prefer source files over class files.",
                                  "description" : "A value indicating whether source files should be preferred over class files. If set to 'true', the extraction adds '-Xprefer:source' to the javac command line. If set to 'false', the extraction uses the default javac behavior ('-Xprefer:newer'). The default is 'true'.\n",
                                  "type" : "string",
                                  "pattern" : "^(false|true)$"
                                },
                                "buildless" : {
                                  "title" : "Whether to use buildless (standalone) extraction (experimental).",
                                  "description" : "A value indicating, which type of extraction the autobuilder should perform. If 'true', then the standalone extractor will be used, otherwise tracing extraction will be performed. The default is 'false'. Note that buildless extraction will generally yield less accurate analysis results, and should only be used in cases where it is not possible to build the code (for example if it uses inaccessible dependencies).\n",
                                  "type" : "string",
                                  "pattern" : "^(false|true)$"
                                },
                                "buildless_dependency_dir" : {
                                  "title" : "The path where buildless (standalone) extraction should keep dependencies.",
                                  "description" : "If set, the buildless (standalone) extractor will store dependencies in this directory.\n",
                                  "type" : "string"
                                },
                                "minimize_dependency_jars" : {
                                  "title" : "Whether to rewrite and minimize downloaded JAR dependencies (experimental).",
                                  "description" : "If 'true', JAR dependencies downloaded during extraction will be rewritten to remove unneeded data, such as method bodies. The default is 'false'.\n",
                                  "type" : "string",
                                  "pattern" : "^(false|true)$"
                                }
                              }
                            }
                          ],
                          "html" : [
                            {
                              "extractor_root" : "/Users/xujiancheng/Documents/codeql/html"
                            }
                          ],
                          "xml" : [
                            {
                              "extractor_root" : "/Users/xujiancheng/Documents/codeql/xml"
                            }
                          ],
                          "properties" : [
                            {
                              "extractor_root" : "/Users/xujiancheng/Documents/codeql/properties"
                            }
                          ],
                          "cpp" : [
                            {
                              "extractor_root" : "/Users/xujiancheng/Documents/codeql/cpp",
                              "extractor_options" : {
                                "scale_timeouts" : {
                                  "title" : "Value to scale compiler introspection timeouts with",
                                  "description" : "The extractor attempts to determine what compiler the source code being extracted is compiled with. To this end the extractor makes additional calls to the compiler, some of which are expected to return within a certain fixed time (either 10s or 15s). On some systems that are under high load this time might be too short, and can be scaled up using this option.\n",
                                  "type" : "string",
                                  "pattern" : "[0-9]+"
                                },
                                "log_verbosity" : {
                                  "title" : "Verbosity of the extractor logging",
                                  "description" : "Set the verbosity of the extractor logging to 'quiet' (0), 'normal' (1), 'chatty' (2), or 'noisy' (3). The default is 'normal'.\n",
                                  "type" : "string",
                                  "pattern" : "[0-3]"
                                }
                              }
                            }
                          ],
                          "swift" : [
                            {
                              "extractor_root" : "/Users/xujiancheng/Documents/codeql/swift"
                            }
                          ],
                          "csv" : [
                            {
                              "extractor_root" : "/Users/xujiancheng/Documents/codeql/csv"
                            }
                          ],
                          "actions" : [
                            {
                              "extractor_root" : "/Users/xujiancheng/Documents/codeql/actions",
                              "extractor_options" : { }
                            }
                          ],
                          "yaml" : [
                            {
                              "extractor_root" : "/Users/xujiancheng/Documents/codeql/yaml"
                            }
                          ],
                          "csharp" : [
                            {
                              "extractor_root" : "/Users/xujiancheng/Documents/codeql/csharp",
                              "extractor_options" : {
                                "trap" : {
                                  "title" : "Options pertaining to TRAP.",
                                  "description" : "Options pertaining to TRAP.",
                                  "type" : "object",
                                  "properties" : {
                                    "compression" : {
                                      "title" : "Controls compression for the TRAP files written by the extractor.",
                                      "description" : "This option is only intended for use in debugging the extractor. Accepted values are 'brotli' (the default, to write brotli-compressed TRAP), 'gzip', and 'none' (to write uncompressed TRAP).\n",
                                      "type" : "string",
                                      "pattern" : "^(none|gzip|brotli)$"
                                    }
                                  }
                                },
                                "buildless" : {
                                  "title" : "DEPRECATED - Whether to use buildless (standalone) extraction.",
                                  "description" : "DEPRECATED: Use `--build-mode none` instead.\nA value indicating, which type of extraction the autobuilder should perform. If 'true', then the standalone extractor will be used, otherwise tracing extraction will be performed. The default is 'false'. Note that buildless extraction will generally yield less accurate analysis results, and should only be used in cases where it is not possible to build the code (for example if it uses inaccessible dependencies).\n",
                                  "type" : "string",
                                  "pattern" : "^(false|true)$"
                                },
                                "logging" : {
                                  "title" : "Options pertaining to logging.",
                                  "description" : "Options pertaining to logging.",
                                  "type" : "object",
                                  "properties" : {
                                    "verbosity" : {
                                      "title" : "Extractor logging verbosity level.",
                                      "description" : "Controls the level of verbosity of the extractor. The supported levels are (in order of increasing verbosity):\n  - off\n  - errors\n  - warnings\n  - info or progress\n  - debug or progress+\n  - trace or progress++\n  - progress+++\n",
                                      "type" : "string",
                                      "pattern" : "^(off|errors|warnings|(info|progress)|(debug|progress\\+)|(trace|progress\\+\\+)|progress\\+\\+\\+)$"
                                    }
                                  }
                                },
                                "binlog" : {
                                  "title" : "Binlog",
                                  "description" : "[EXPERIMENTAL] The value is a path to the MsBuild binary log file that should be extracted. This option only works when `--build-mode none` is also specified.\n",
                                  "type" : "array"
                                }
                              }
                            }
                          ],
                          "javascript" : [
                            {
                              "extractor_root" : "/Users/xujiancheng/Documents/codeql/javascript",
                              "extractor_options" : {
                                "skip_types" : {
                                  "title" : "Skip type extraction for TypeScript",
                                  "description" : "Whether to skip the extraction of types in a TypeScript application",
                                  "type" : "string",
                                  "pattern" : "^(false|true)$"
                                }
                              }
                            }
                          ],
                          "ruby" : [
                            {
                              "extractor_root" : "/Users/xujiancheng/Documents/codeql/ruby",
                              "extractor_options" : {
                                "trap" : {
                                  "title" : "Options pertaining to TRAP.",
                                  "description" : "Options pertaining to TRAP.",
                                  "type" : "object",
                                  "properties" : {
                                    "compression" : {
                                      "title" : "Controls compression for the TRAP files written by the extractor.",
                                      "description" : "This option is only intended for use in debugging the extractor. Accepted values are 'gzip' (the default, to write gzip-compressed TRAP) 'zstd' (to write Zstandard-compressed TRAP) and 'none' (to write uncompressed TRAP).\n",
                                      "type" : "string",
                                      "pattern" : "^(none|gzip|zstd)$"
                                    }
                                  }
                                }
                              }
                            }
                          ]
                        }
                      }
[2025-07-04 19:56:53] [PROGRESS] database init> Calculating baseline information in /Users/xujiancheng/Documents/hardcode_app/app/src/main/java/com/example/hardcode_app/ui
[2025-07-04 19:56:53] [SPAMMY] database init> Ignoring the following directories when processing baseline information: .git, .hg, .svn.
[2025-07-04 19:56:53] [DETAILS] database init> Running command in /Users/xujiancheng/Documents/hardcode_app/app/src/main/java/com/example/hardcode_app/ui: /Users/xujiancheng/Documents/codeql/tools/osx64/scc --by-file --exclude-dir .git,.hg,.svn --format json --no-large --no-min .
[2025-07-04 19:56:54] [SPAMMY] database init> Found 1 baseline files for java.
[2025-07-04 19:56:54] [PROGRESS] database init> Calculated baseline information for languages: java (674ms).
[2025-07-04 19:56:54] [PROGRESS] database init> Resolving extractor java.
[2025-07-04 19:56:54] [DETAILS] database init> Found candidate extractor root for java: /Users/xujiancheng/Documents/codeql/java.
[2025-07-04 19:56:54] [PROGRESS] database init> Successfully loaded extractor Java/Kotlin (java) from /Users/xujiancheng/Documents/codeql/java.
[2025-07-04 19:56:54] [SPAMMY] database init> Determining macOS System Integrity Protection status...
[2025-07-04 19:56:54] [SPAMMY] database init> Running command [/usr/bin/csrutil, status].
[2025-07-04 19:56:54] [SPAMMY] database init> SIP is enabled.
[2025-07-04 19:56:54] [PROGRESS] database init> Created skeleton CodeQL database at /Users/xujiancheng/Documents/hardcode_app/app/src/main/java/com/example/hardcode_app/ui/my-java-db. This in-progress database is ready to be populated by an extractor.
[2025-07-04 19:56:54] Plumbing command codeql database init completed.
[2025-07-04 19:56:54] [PROGRESS] database create> Running build command: [javac, KeyActivity.java]
[2025-07-04 19:56:54] Running plumbing command: codeql database trace-command --working-dir=/Users/xujiancheng/Documents/hardcode_app/app/src/main/java/com/example/hardcode_app/ui --index-traceless-dbs --no-db-cluster -- /Users/xujiancheng/Documents/hardcode_app/app/src/main/java/com/example/hardcode_app/ui/my-java-db javac KeyActivity.java
[2025-07-04 19:56:54] [PROGRESS] database trace-command> Running command in /Users/xujiancheng/Documents/hardcode_app/app/src/main/java/com/example/hardcode_app/ui: [javac, KeyActivity.java]
[2025-07-04 19:56:57] [build-stderr] KeyActivity.java:3: error: package android.os does not exist
[2025-07-04 19:56:57] [build-stderr] import android.os.Bundle;
[2025-07-04 19:56:57] [build-stderr]                  ^
[2025-07-04 19:56:57] [build-stderr] KeyActivity.java:4: error: package android.util does not exist
[2025-07-04 19:56:57] [build-stderr] import android.util.Log;
[2025-07-04 19:56:57] [build-stderr]                    ^
[2025-07-04 19:56:57] [build-stderr] KeyActivity.java:5: error: package android.widget does not exist
[2025-07-04 19:56:57] [build-stderr] import android.widget.Button;
[2025-07-04 19:56:57] [build-stderr]                      ^
[2025-07-04 19:56:57] [build-stderr] KeyActivity.java:6: error: package android.widget does not exist
[2025-07-04 19:56:57] [build-stderr] import android.widget.Toast;
[2025-07-04 19:56:57] [build-stderr]                      ^
[2025-07-04 19:56:57] [build-stderr] KeyActivity.java:7: error: package androidx.appcompat.app does not exist
[2025-07-04 19:56:57] [build-stderr] import androidx.appcompat.app.AppCompatActivity;
[2025-07-04 19:56:57] [build-stderr]                              ^
[2025-07-04 19:56:57] [build-stderr] KeyActivity.java:9: error: cannot find symbol
[2025-07-04 19:56:57] [build-stderr] import com.example.hardcode_app.R;
[2025-07-04 19:56:57] [build-stderr]                                ^
[2025-07-04 19:56:57] [build-stderr]   symbol:   class R
[2025-07-04 19:56:57] [build-stderr]   location: package com.example.hardcode_app
[2025-07-04 19:56:57] [build-stderr] KeyActivity.java:11: error: package org.json does not exist
[2025-07-04 19:56:57] [build-stderr] import org.json.JSONObject;
[2025-07-04 19:56:57] [build-stderr]                ^
[2025-07-04 19:56:57] [build-stderr] KeyActivity.java:18: error: cannot find symbol
[2025-07-04 19:56:57] [build-stderr] public class KeyActivity extends AppCompatActivity {
[2025-07-04 19:56:57] [build-stderr]                                  ^
[2025-07-04 19:56:57] [build-stderr]   symbol: class AppCompatActivity
[2025-07-04 19:56:57] [build-stderr] KeyActivity.java:24: error: cannot find symbol
[2025-07-04 19:56:57] [build-stderr]     protected void onCreate(Bundle savedInstanceState) {
[2025-07-04 19:56:57] [build-stderr]                             ^
[2025-07-04 19:56:57] [build-stderr]   symbol:   class Bundle
[2025-07-04 19:56:57] [build-stderr]   location: class KeyActivity
[2025-07-04 19:56:57] [build-stderr] KeyActivity.java:23: error: method does not override or implement a method from a supertype
[2025-07-04 19:56:57] [build-stderr]     @Override
[2025-07-04 19:56:57] [build-stderr]     ^
[2025-07-04 19:56:57] [build-stderr] KeyActivity.java:25: error: cannot find symbol
[2025-07-04 19:56:57] [build-stderr]         super.onCreate(savedInstanceState);
[2025-07-04 19:56:57] [build-stderr]         ^
[2025-07-04 19:56:57] [build-stderr]   symbol:   variable super
[2025-07-04 19:56:57] [build-stderr]   location: class KeyActivity
[2025-07-04 19:56:58] [build-stderr] KeyActivity.java:26: error: package R does not exist
[2025-07-04 19:56:58] [build-stderr]         setContentView(R.layout.activity_key);
[2025-07-04 19:56:58] [build-stderr]                         ^
[2025-07-04 19:56:58] [build-stderr] KeyActivity.java:32: error: package R does not exist
[2025-07-04 19:56:58] [build-stderr]         findViewById(R.id.btnTest).setOnClickListener(v -> testIpInfo());
[2025-07-04 19:56:58] [build-stderr]                       ^
[2025-07-04 19:56:58] [build-stderr] KeyActivity.java:33: error: package R does not exist
[2025-07-04 19:56:58] [build-stderr]         findViewById(R.id.btnBenchmark).setOnClickListener(v -> benchmarkApiCall());
[2025-07-04 19:56:58] [build-stderr]                       ^
[2025-07-04 19:56:58] [build-stderr] KeyActivity.java:51: error: cannot find symbol
[2025-07-04 19:56:58] [build-stderr]                 Log.e("IPinfo", "Error", e);
[2025-07-04 19:56:58] [build-stderr]                 ^
[2025-07-04 19:56:58] [build-stderr]   symbol:   variable Log
[2025-07-04 19:56:58] [build-stderr]   location: class KeyActivity
[2025-07-04 19:56:58] [build-stderr] KeyActivity.java:64: error: cannot find symbol
[2025-07-04 19:56:58] [build-stderr]             JSONObject obj = new JSONObject(json);
[2025-07-04 19:56:58] [build-stderr]             ^
[2025-07-04 19:56:58] [build-stderr]   symbol:   class JSONObject
[2025-07-04 19:56:58] [build-stderr]   location: class KeyActivity
[2025-07-04 19:56:58] [build-stderr] KeyActivity.java:64: error: cannot find symbol
[2025-07-04 19:56:58] [build-stderr]             JSONObject obj = new JSONObject(json);
[2025-07-04 19:56:58] [build-stderr]                                  ^
[2025-07-04 19:56:58] [build-stderr]   symbol:   class JSONObject
[2025-07-04 19:56:58] [build-stderr]   location: class KeyActivity
[2025-07-04 19:56:58] [build-stderr] KeyActivity.java:67: error: cannot find symbol
[2025-07-04 19:56:58] [build-stderr]             runOnUiThread(() -> {
[2025-07-04 19:56:58] [build-stderr]             ^
[2025-07-04 19:56:58] [build-stderr]   symbol:   method runOnUiThread(()->{ Toas[...]n); })
[2025-07-04 19:56:58] [build-stderr]   location: class KeyActivity
[2025-07-04 19:56:58] [build-stderr] KeyActivity.java:68: error: cannot find symbol
[2025-07-04 19:56:58] [build-stderr]                 Toast.makeText(this, "IP: " + ip, Toast.LENGTH_LONG).show();
[2025-07-04 19:56:58] [build-stderr]                                                   ^
[2025-07-04 19:56:58] [build-stderr]   symbol:   variable Toast
[2025-07-04 19:56:58] [build-stderr]   location: class KeyActivity
[2025-07-04 19:56:58] [build-stderr] KeyActivity.java:68: error: cannot find symbol
[2025-07-04 19:56:58] [build-stderr]                 Toast.makeText(this, "IP: " + ip, Toast.LENGTH_LONG).show();
[2025-07-04 19:56:58] [build-stderr]                 ^
[2025-07-04 19:56:58] [build-stderr]   symbol:   variable Toast
[2025-07-04 19:56:58] [build-stderr]   location: class KeyActivity
[2025-07-04 19:56:58] [build-stderr] KeyActivity.java:69: error: cannot find symbol
[2025-07-04 19:56:58] [build-stderr]                 Log.i("IPinfo", json);
[2025-07-04 19:56:58] [build-stderr]                 ^
[2025-07-04 19:56:58] [build-stderr]   symbol:   variable Log
[2025-07-04 19:56:58] [build-stderr]   location: class KeyActivity
[2025-07-04 19:56:58] [build-stderr] KeyActivity.java:75: error: cannot find symbol
[2025-07-04 19:56:58] [build-stderr]         runOnUiThread(() -> Toast.makeText(this, message, Toast.LENGTH_SHORT).show());
[2025-07-04 19:56:58] [build-stderr]         ^
[2025-07-04 19:56:58] [build-stderr]   symbol:   method runOnUiThread(()->Toast.[...]how())
[2025-07-04 19:56:58] [build-stderr]   location: class KeyActivity
[2025-07-04 19:56:58] [build-stderr] KeyActivity.java:75: error: cannot find symbol
[2025-07-04 19:56:58] [build-stderr]         runOnUiThread(() -> Toast.makeText(this, message, Toast.LENGTH_SHORT).show());
[2025-07-04 19:56:58] [build-stderr]                                                           ^
[2025-07-04 19:56:58] [build-stderr]   symbol:   variable Toast
[2025-07-04 19:56:58] [build-stderr]   location: class KeyActivity
[2025-07-04 19:56:58] [build-stderr] KeyActivity.java:75: error: cannot find symbol
[2025-07-04 19:56:58] [build-stderr]         runOnUiThread(() -> Toast.makeText(this, message, Toast.LENGTH_SHORT).show());
[2025-07-04 19:56:58] [build-stderr]                             ^
[2025-07-04 19:56:58] [build-stderr]   symbol:   variable Toast
[2025-07-04 19:56:58] [build-stderr]   location: class KeyActivity
[2025-07-04 19:56:58] [build-stderr] KeyActivity.java:115: error: cannot find symbol
[2025-07-04 19:56:58] [build-stderr]                     Log.i("Benchmark", "第 " + (i + 1) + " 次：延遲 " + latencies[i] + " ms, 記憶體 " + memoryUsages[i] + " KB");
[2025-07-04 19:56:58] [build-stderr]                     ^
[2025-07-04 19:56:58] [build-stderr]   symbol:   variable Log
[2025-07-04 19:56:58] [build-stderr]   location: class KeyActivity
[2025-07-04 19:56:58] [build-stderr] KeyActivity.java:121: error: cannot find symbol
[2025-07-04 19:56:58] [build-stderr]                     Log.e("Benchmark", "第 " + (i + 1) + " 次測試失敗", e);
[2025-07-04 19:56:58] [build-stderr]                     ^
[2025-07-04 19:56:58] [build-stderr]   symbol:   variable Log
[2025-07-04 19:56:58] [build-stderr]   location: class KeyActivity
[2025-07-04 19:56:58] [build-stderr] KeyActivity.java:136: error: cannot find symbol
[2025-07-04 19:56:58] [build-stderr]             Log.i("Benchmark", "✅ 測試完成：平均延遲 " + avgLatency + " ms, 平均記憶體使用 " + avgMemory + " KB");
[2025-07-04 19:56:58] [build-stderr]             ^
[2025-07-04 19:56:58] [build-stderr]   symbol:   variable Log
[2025-07-04 19:56:58] [build-stderr]   location: class KeyActivity
[2025-07-04 19:56:58] [build-stderr] KeyActivity.java:138: error: cannot find symbol
[2025-07-04 19:56:58] [build-stderr]             runOnUiThread(() -> Toast.makeText(this, "測試完成！平均延遲: " + avgLatency + " ms", Toast.LENGTH_LONG).show());
[2025-07-04 19:56:58] [build-stderr]             ^
[2025-07-04 19:56:58] [build-stderr]   symbol:   method runOnUiThread(()->Toast.[...]how())
[2025-07-04 19:56:58] [build-stderr]   location: class KeyActivity
[2025-07-04 19:56:58] [build-stderr] KeyActivity.java:138: error: cannot find symbol
[2025-07-04 19:56:58] [build-stderr]             runOnUiThread(() -> Toast.makeText(this, "測試完成！平均延遲: " + avgLatency + " ms", Toast.LENGTH_LONG).show());
[2025-07-04 19:56:58] [build-stderr]                                                                                          ^
[2025-07-04 19:56:58] [build-stderr]   symbol:   variable Toast
[2025-07-04 19:56:58] [build-stderr]   location: class KeyActivity
[2025-07-04 19:56:58] [build-stderr] KeyActivity.java:138: error: cannot find symbol
[2025-07-04 19:56:58] [build-stderr]             runOnUiThread(() -> Toast.makeText(this, "測試完成！平均延遲: " + avgLatency + " ms", Toast.LENGTH_LONG).show());
[2025-07-04 19:56:58] [build-stderr]                                 ^
[2025-07-04 19:56:58] [build-stderr]   symbol:   variable Toast
[2025-07-04 19:56:58] [build-stderr]   location: class KeyActivity
[2025-07-04 19:56:58] [build-stderr] Note: KeyActivity.java uses or overrides a deprecated API.
[2025-07-04 19:56:58] [build-stderr] Note: Recompile with -Xlint:deprecation for details.
[2025-07-04 19:56:58] [build-stderr] 30 errors
[2025-07-04 19:57:05] [ERROR] Spawned process exited abnormally (code 1; tried to run: [/Users/xujiancheng/Documents/codeql/tools/osx64/preload_tracer, javac, KeyActivity.java])
[2025-07-04 19:57:05] Exception caught at top level: Exit status 1 from command: [javac, KeyActivity.java]
                      com.semmle.cli2.Commandline.executeAndCheckResult(Commandline.java:170)
                      com.semmle.cli2.Commandline.runWithoutReturn(Commandline.java:123)
                      com.semmle.cli2.database.DatabaseProcessCommandCommon.executeSubcommand(DatabaseProcessCommandCommon.java:227)
                      com.semmle.cli2.database.TraceCommandCommand.executeSubcommand(TraceCommandCommand.java:126)
                      com.semmle.cli2.picocli.SubcommandCommon.lambda$executeSubcommandWithMessages$5(SubcommandCommon.java:892)
                      com.semmle.cli2.picocli.SubcommandCommon.withCompilationMessages(SubcommandCommon.java:444)
                      com.semmle.cli2.picocli.SubcommandCommon.executeSubcommandWithMessages(SubcommandCommon.java:890)
                      com.semmle.cli2.picocli.PlumbingRunner.run(PlumbingRunner.java:119)
                      com.semmle.cli2.picocli.SubcommandCommon.runPlumbingInProcess(SubcommandCommon.java:201)
                      com.semmle.cli2.database.CreateCommand.executeSubcommand(CreateCommand.java:185)
                      com.semmle.cli2.picocli.SubcommandCommon.lambda$executeSubcommandWithMessages$5(SubcommandCommon.java:892)
                      com.semmle.cli2.picocli.SubcommandCommon.withCompilationMessages(SubcommandCommon.java:444)
                      com.semmle.cli2.picocli.SubcommandCommon.executeSubcommandWithMessages(SubcommandCommon.java:890)
                      com.semmle.cli2.picocli.SubcommandCommon.toplevelMain(SubcommandCommon.java:777)
                      com.semmle.cli2.picocli.SubcommandCommon.call(SubcommandCommon.java:757)
                      com.semmle.cli2.picocli.SubcommandMaker.runMain(SubcommandMaker.java:238)
                      com.semmle.cli2.picocli.SubcommandMaker.runMain(SubcommandMaker.java:259)
                      com.semmle.cli2.CodeQL.main(CodeQL.java:115)
